{"C:\\Users\\zacwa\\Code\\sudoku\\src\\row.js": {"path":"C:\\Users\\zacwa\\Code\\sudoku\\src\\row.js","statementMap":{"0":{"start":{"line":2,"column":2},"end":{"line":2,"column":23}},"1":{"start":{"line":5,"column":0},"end":{"line":11,"column":1}},"2":{"start":{"line":6,"column":2},"end":{"line":10,"column":3}},"3":{"start":{"line":7,"column":4},"end":{"line":7,"column":16}},"4":{"start":{"line":9,"column":4},"end":{"line":9,"column":17}},"5":{"start":{"line":13,"column":0},"end":{"line":23,"column":1}},"6":{"start":{"line":14,"column":10},"end":{"line":14,"column":14}},"7":{"start":{"line":15,"column":2},"end":{"line":21,"column":5}},"8":{"start":{"line":16,"column":4},"end":{"line":20,"column":5}},"9":{"start":{"line":17,"column":6},"end":{"line":17,"column":16}},"10":{"start":{"line":19,"column":6},"end":{"line":19,"column":15}},"11":{"start":{"line":22,"column":2},"end":{"line":22,"column":11}}},"fnMap":{"0":{"name":"Row","decl":{"start":{"line":1,"column":24},"end":{"line":1,"column":27}},"loc":{"start":{"line":1,"column":35},"end":{"line":3,"column":1}},"line":1},"1":{"name":"(anonymous_1)","decl":{"start":{"line":5,"column":25},"end":{"line":5,"column":26}},"loc":{"start":{"line":5,"column":36},"end":{"line":11,"column":1}},"line":5},"2":{"name":"(anonymous_2)","decl":{"start":{"line":13,"column":26},"end":{"line":13,"column":27}},"loc":{"start":{"line":13,"column":36},"end":{"line":23,"column":1}},"line":13},"3":{"name":"(anonymous_3)","decl":{"start":{"line":15,"column":23},"end":{"line":15,"column":24}},"loc":{"start":{"line":15,"column":40},"end":{"line":21,"column":3}},"line":15}},"branchMap":{"0":{"loc":{"start":{"line":6,"column":2},"end":{"line":10,"column":3}},"type":"if","locations":[{"start":{"line":6,"column":2},"end":{"line":10,"column":3}},{"start":{"line":8,"column":9},"end":{"line":10,"column":3}}],"line":6},"1":{"loc":{"start":{"line":16,"column":4},"end":{"line":20,"column":5}},"type":"if","locations":[{"start":{"line":16,"column":4},"end":{"line":20,"column":5}},{"start":{"line":18,"column":11},"end":{"line":20,"column":5}}],"line":16},"2":{"loc":{"start":{"line":16,"column":8},"end":{"line":16,"column":84}},"type":"binary-expr","locations":[{"start":{"line":16,"column":8},"end":{"line":16,"column":31}},{"start":{"line":16,"column":35},"end":{"line":16,"column":56}},{"start":{"line":16,"column":60},"end":{"line":16,"column":84}}],"line":16}},"s":{"0":5,"1":1,"2":2,"3":1,"4":1,"5":1,"6":2,"7":2,"8":13,"9":4,"10":9,"11":2},"f":{"0":5,"1":2,"2":2,"3":13},"b":{"0":[1,1],"1":[4,9],"2":[13,12,11]},"_coverageSchema":"1a1c01bbd47fc00a2c39e90264f33305004495a9","hash":"9063a52a3e42ec9d9f42ed2ddbb383c30b668218"}
}
