TN:
SF:src\column.js
FN:3,Column
FN:7,(anonymous_1)
FNF:2
FNH:2
FNDA:2,Column
FNDA:1,(anonymous_1)
DA:4,2
DA:7,1
DA:8,1
DA:9,1
DA:10,1
DA:11,1
DA:12,1
DA:13,1
DA:14,1
DA:15,1
DA:16,1
DA:17,1
DA:18,9
DA:20,9
DA:22,1
DA:23,1
DA:24,1
DA:25,1
DA:26,1
DA:27,1
DA:28,1
DA:29,1
DA:30,1
DA:32,1
LF:24
LH:24
BRF:0
BRH:0
end_of_record
TN:
SF:src\row.js
FN:1,Row
FN:5,(anonymous_1)
FN:13,(anonymous_2)
FN:15,(anonymous_3)
FN:22,(anonymous_4)
FN:27,(anonymous_5)
FNF:6
FNH:6
FNDA:34,Row
FNDA:2,(anonymous_1)
FNDA:2,(anonymous_2)
FNDA:12,(anonymous_3)
FNDA:3,(anonymous_4)
FNDA:27,(anonymous_5)
DA:2,34
DA:5,2
DA:6,2
DA:7,1
DA:9,1
DA:13,2
DA:14,2
DA:15,2
DA:16,12
DA:17,3
DA:19,2
DA:22,2
DA:23,3
DA:24,3
DA:25,3
DA:26,3
DA:27,3
DA:28,27
DA:29,2
DA:32,3
LF:20
LH:20
BRDA:6,0,0,1
BRDA:6,0,1,1
BRDA:16,1,0,3
BRDA:16,1,1,9
BRDA:16,2,0,12
BRDA:16,2,1,11
BRDA:16,2,2,10
BRDA:28,3,0,2
BRDA:28,3,1,25
BRF:9
BRH:9
end_of_record
