TN:
SF:src\row.js
FN:1,Row
FN:5,(anonymous_1)
FN:13,(anonymous_2)
FN:15,(anonymous_3)
FN:22,(anonymous_4)
FN:27,(anonymous_5)
FNF:6
FNH:6
FNDA:7,Row
FNDA:2,(anonymous_1)
FNDA:2,(anonymous_2)
FNDA:12,(anonymous_3)
FNDA:2,(anonymous_4)
FNDA:18,(anonymous_5)
DA:2,7
DA:5,1
DA:6,2
DA:7,1
DA:9,1
DA:13,1
DA:14,2
DA:15,2
DA:16,12
DA:17,3
DA:19,2
DA:22,1
DA:23,2
DA:24,2
DA:25,2
DA:26,2
DA:27,2
DA:28,18
DA:29,2
DA:32,2
LF:20
LH:20
BRDA:6,0,0,1
BRDA:6,0,1,1
BRDA:16,1,0,3
BRDA:16,1,1,9
BRDA:16,2,0,12
BRDA:16,2,1,11
BRDA:16,2,2,10
BRDA:28,3,0,2
BRDA:28,3,1,16
BRF:9
BRH:9
end_of_record
